<?xml version="1.0" encoding="UTF-8"?>
<testng-results ignored="0" total="1" passed="0" failed="1" skipped="0">
  <reporter-output>
  </reporter-output>
  <suite started-at="2025-04-19T10:56:36 IST" name="Default suite" finished-at="2025-04-19T10:56:51 IST" duration-ms="14826">
    <groups>
      <group name="cucumber">
        <method signature="AbstractTestNGCucumberTests.runScenario(io.cucumber.testng.PickleWrapper,io.cucumber.testng.FeatureWrapper)[pri:0, instance:RunnerFiles.LoginPageRunnerTest@65f8f5ae]" name="runScenario" class="io.cucumber.testng.AbstractTestNGCucumberTests"/>
      </group> <!-- cucumber -->
    </groups>
    <test started-at="2025-04-19T10:56:36 IST" name="Default test" finished-at="2025-04-19T10:56:51 IST" duration-ms="14826">
      <class name="RunnerFiles.LoginPageRunnerTest">
        <test-method is-config="true" signature="setUpClass(org.testng.ITestContext)[pri:0, instance:RunnerFiles.LoginPageRunnerTest@65f8f5ae]" started-at="2025-04-19T10:56:36 IST" name="setUpClass" finished-at="2025-04-19T10:56:37 IST" duration-ms="402" status="PASS">
          <params>
            <param index="0">
              <value>
                <![CDATA[org.testng.TestRunner@7d5508e0]]>
              </value>
            </param>
          </params>
          <reporter-output>
          </reporter-output>
        </test-method> <!-- setUpClass -->
        <test-method signature="runScenario(io.cucumber.testng.PickleWrapper,io.cucumber.testng.FeatureWrapper)[pri:0, instance:RunnerFiles.LoginPageRunnerTest@65f8f5ae]" started-at="2025-04-19T10:56:37 IST" name="runScenario" description="Runs Cucumber Scenarios" data-provider="scenarios" finished-at="2025-04-19T10:56:51 IST" duration-ms="14307" status="FAIL">
          <params>
            <param index="0">
              <value>
                <![CDATA["Verify user able to register using register link"]]>
              </value>
            </param>
            <param index="1">
              <value>
                <![CDATA["Login page functionalities and validation"]]>
              </value>
            </param>
          </params>
          <exception class="java.lang.AssertionError">
            <message>
              <![CDATA[expected [Your account was created successfully. You are now logged in.] but found [If you have an account with us you can sign-up for free instant online access. You will have to provide some personal information.]]]>
            </message>
            <full-stacktrace>
              <![CDATA[java.lang.AssertionError: expected [Your account was created successfully. You are now logged in.] but found [If you have an account with us you can sign-up for free instant online access. You will have to provide some personal information.]
at org.testng.Assert.fail(Assert.java:111)
at org.testng.Assert.failNotEquals(Assert.java:1578)
at org.testng.Assert.assertEqualsImpl(Assert.java:150)
at org.testng.Assert.assertEquals(Assert.java:132)
at org.testng.Assert.assertEquals(Assert.java:656)
at org.testng.Assert.assertEquals(Assert.java:666)
at StepDefinitionFiles.RegisterAccountStepDefinition.user_gets_successful_message(RegisterAccountStepDefinition.java:58)
at ✽.user gets successful message "Your account was created successfully. You are now logged in."(file:///C:/Users/manus/eclipse-workspace/ParaBankApplication/src/test/java/Features/LoginFeature.feature:22)
]]>
            </full-stacktrace>
          </exception> <!-- java.lang.AssertionError -->
          <reporter-output>
          </reporter-output>
        </test-method> <!-- runScenario -->
        <test-method is-config="true" signature="tearDownClass()[pri:0, instance:RunnerFiles.LoginPageRunnerTest@65f8f5ae]" started-at="2025-04-19T10:56:51 IST" name="tearDownClass" finished-at="2025-04-19T10:56:51 IST" duration-ms="8" status="PASS">
          <reporter-output>
          </reporter-output>
        </test-method> <!-- tearDownClass -->
      </class> <!-- RunnerFiles.LoginPageRunnerTest -->
    </test> <!-- Default test -->
  </suite> <!-- Default suite -->
</testng-results>
