<?xml version="1.0" encoding="UTF-8"?>
<!-- Generated by org.testng.reporters.JUnitReportReporter -->
<testsuite hostname="LAPTOP-83G8IR29" failures="1" tests="1" name="RunnerFiles.LoginPageRunnerTest" time="14.307" errors="0" timestamp="2025-04-19T10:56:52 IST" skipped="0">
  <testcase classname="RunnerFiles.LoginPageRunnerTest" name="runScenario" time="14.307">
    <failure message="expected [Your account was created successfully. You are now logged in.] but found [If you have an account with us you can sign-up for free instant online access. You will have to provide some personal information.]" type="java.lang.AssertionError">
      <![CDATA[java.lang.AssertionError: expected [Your account was created successfully. You are now logged in.] but found [If you have an account with us you can sign-up for free instant online access. You will have to provide some personal information.]
at org.testng.Assert.fail(Assert.java:111)
at org.testng.Assert.failNotEquals(Assert.java:1578)
at org.testng.Assert.assertEqualsImpl(Assert.java:150)
at org.testng.Assert.assertEquals(Assert.java:132)
at org.testng.Assert.assertEquals(Assert.java:656)
at org.testng.Assert.assertEquals(Assert.java:666)
at StepDefinitionFiles.RegisterAccountStepDefinition.user_gets_successful_message(RegisterAccountStepDefinition.java:58)
at ✽.user gets successful message "Your account was created successfully. You are now logged in."(file:///C:/Users/manus/eclipse-workspace/ParaBankApplication/src/test/java/Features/LoginFeature.feature:22)
]]>
    </failure>
  </testcase> <!-- runScenario -->
</testsuite> <!-- RunnerFiles.LoginPageRunnerTest -->
